Performing C SOURCE FILE Test CMAKE_HAVE_LIBC_PTHREAD failed with the following output:
Change Dir: /home/lerakry/tp/program_c++/DZ2/cmake-build-debug/CMakeFiles/CMakeTmp

Run Build Command(s):/usr/bin/make cmTC_f8f8b/fast && /usr/bin/make  -f CMakeFiles/cmTC_f8f8b.dir/build.make CMakeFiles/cmTC_f8f8b.dir/build
make[1]: вход в каталог «/home/lerakry/tp/program_c++/DZ2/cmake-build-debug/CMakeFiles/CMakeTmp»
Building C object CMakeFiles/cmTC_f8f8b.dir/src.c.o
/usr/bin/cc   -DCMAKE_HAVE_LIBC_PTHREAD   -std=gnu99 -o CMakeFiles/cmTC_f8f8b.dir/src.c.o   -c /home/lerakry/tp/program_c++/DZ2/cmake-build-debug/CMakeFiles/CMakeTmp/src.c
Linking C executable cmTC_f8f8b
/snap/clion/129/bin/cmake/linux/bin/cmake -E cmake_link_script CMakeFiles/cmTC_f8f8b.dir/link.txt --verbose=1
/usr/bin/cc  -DCMAKE_HAVE_LIBC_PTHREAD    CMakeFiles/cmTC_f8f8b.dir/src.c.o  -o cmTC_f8f8b 
CMakeFiles/cmTC_f8f8b.dir/src.c.o: In function `main':
src.c:(.text+0x3e): undefined reference to `pthread_create'
src.c:(.text+0x4a): undefined reference to `pthread_detach'
src.c:(.text+0x56): undefined reference to `pthread_cancel'
src.c:(.text+0x67): undefined reference to `pthread_join'
src.c:(.text+0x7b): undefined reference to `pthread_atfork'
collect2: error: ld returned 1 exit status
CMakeFiles/cmTC_f8f8b.dir/build.make:106: recipe for target 'cmTC_f8f8b' failed
make[1]: *** [cmTC_f8f8b] Error 1
make[1]: выход из каталога «/home/lerakry/tp/program_c++/DZ2/cmake-build-debug/CMakeFiles/CMakeTmp»
Makefile:141: recipe for target 'cmTC_f8f8b/fast' failed
make: *** [cmTC_f8f8b/fast] Error 2


Source file was:
#include <pthread.h>

void* test_func(void* data)
{
  return data;
}

int main(void)
{
  pthread_t thread;
  pthread_create(&thread, NULL, test_func, NULL);
  pthread_detach(thread);
  pthread_cancel(thread);
  pthread_join(thread, NULL);
  pthread_atfork(NULL, NULL, NULL);
  pthread_exit(NULL);

  return 0;
}

Determining if the function pthread_create exists in the pthreads failed with the following output:
Change Dir: /home/lerakry/tp/program_c++/DZ2/cmake-build-debug/CMakeFiles/CMakeTmp

Run Build Command(s):/usr/bin/make cmTC_2fe09/fast && /usr/bin/make  -f CMakeFiles/cmTC_2fe09.dir/build.make CMakeFiles/cmTC_2fe09.dir/build
make[1]: вход в каталог «/home/lerakry/tp/program_c++/DZ2/cmake-build-debug/CMakeFiles/CMakeTmp»
Building C object CMakeFiles/cmTC_2fe09.dir/CheckFunctionExists.c.o
/usr/bin/cc   -DCHECK_FUNCTION_EXISTS=pthread_create   -std=gnu99 -o CMakeFiles/cmTC_2fe09.dir/CheckFunctionExists.c.o   -c /snap/clion/129/bin/cmake/linux/share/cmake-3.17/Modules/CheckFunctionExists.c
Linking C executable cmTC_2fe09
/snap/clion/129/bin/cmake/linux/bin/cmake -E cmake_link_script CMakeFiles/cmTC_2fe09.dir/link.txt --verbose=1
/usr/bin/cc  -DCHECK_FUNCTION_EXISTS=pthread_create    CMakeFiles/cmTC_2fe09.dir/CheckFunctionExists.c.o  -o cmTC_2fe09  -lpthreads 
/usr/bin/ld: cannot find -lpthreads
collect2: error: ld returned 1 exit status
CMakeFiles/cmTC_2fe09.dir/build.make:106: recipe for target 'cmTC_2fe09' failed
make[1]: *** [cmTC_2fe09] Error 1
make[1]: выход из каталога «/home/lerakry/tp/program_c++/DZ2/cmake-build-debug/CMakeFiles/CMakeTmp»
Makefile:141: recipe for target 'cmTC_2fe09/fast' failed
make: *** [cmTC_2fe09/fast] Error 2



