The C compiler identification could not be found in "/home/lerakry/github_tp_c_cpp_h1/tp_c-cpp_homework1/DZ2/cmake-build-debug-coverage/CMakeFiles/3.17.3/CompilerIdC/CMakeCCompilerId.gcno"

The CXX compiler identification could not be found in "/home/lerakry/github_tp_c_cpp_h1/tp_c-cpp_homework1/DZ2/cmake-build-debug-coverage/CMakeFiles/3.17.3/CompilerIdCXX/CMakeCXXCompilerId.gcno"

Performing C SOURCE FILE Test CMAKE_HAVE_LIBC_PTHREAD failed with the following output:
Change Dir: /home/lerakry/github_tp_c_cpp_h1/tp_c-cpp_homework1/DZ2/cmake-build-debug-coverage/CMakeFiles/CMakeTmp

Run Build Command(s):/usr/bin/make cmTC_a24b8/fast && /usr/bin/make  -f CMakeFiles/cmTC_a24b8.dir/build.make CMakeFiles/cmTC_a24b8.dir/build
make[1]: вход в каталог «/home/lerakry/github_tp_c_cpp_h1/tp_c-cpp_homework1/DZ2/cmake-build-debug-coverage/CMakeFiles/CMakeTmp»
Building C object CMakeFiles/cmTC_a24b8.dir/src.c.o
/usr/bin/cc   -g -Wall -Werror -Wextra -O3 -fprofile-arcs -ftest-coverage -DCMAKE_HAVE_LIBC_PTHREAD   -std=gnu11 -o CMakeFiles/cmTC_a24b8.dir/src.c.o   -c /home/lerakry/github_tp_c_cpp_h1/tp_c-cpp_homework1/DZ2/cmake-build-debug-coverage/CMakeFiles/CMakeTmp/src.c
Linking C executable cmTC_a24b8
/snap/clion/129/bin/cmake/linux/bin/cmake -E cmake_link_script CMakeFiles/cmTC_a24b8.dir/link.txt --verbose=1
/usr/bin/cc -g -Wall -Werror -Wextra -O3 -fprofile-arcs -ftest-coverage -DCMAKE_HAVE_LIBC_PTHREAD    CMakeFiles/cmTC_a24b8.dir/src.c.o  -o cmTC_a24b8 
CMakeFiles/cmTC_a24b8.dir/src.c.o: In function `main':
/home/lerakry/github_tp_c_cpp_h1/tp_c-cpp_homework1/DZ2/cmake-build-debug-coverage/CMakeFiles/CMakeTmp/src.c:11: undefined reference to `pthread_create'
/home/lerakry/github_tp_c_cpp_h1/tp_c-cpp_homework1/DZ2/cmake-build-debug-coverage/CMakeFiles/CMakeTmp/src.c:12: undefined reference to `pthread_detach'
/home/lerakry/github_tp_c_cpp_h1/tp_c-cpp_homework1/DZ2/cmake-build-debug-coverage/CMakeFiles/CMakeTmp/src.c:13: undefined reference to `pthread_cancel'
/home/lerakry/github_tp_c_cpp_h1/tp_c-cpp_homework1/DZ2/cmake-build-debug-coverage/CMakeFiles/CMakeTmp/src.c:14: undefined reference to `pthread_join'
/home/lerakry/github_tp_c_cpp_h1/tp_c-cpp_homework1/DZ2/cmake-build-debug-coverage/CMakeFiles/CMakeTmp/src.c:15: undefined reference to `pthread_atfork'
collect2: error: ld returned 1 exit status
CMakeFiles/cmTC_a24b8.dir/build.make:106: recipe for target 'cmTC_a24b8' failed
make[1]: *** [cmTC_a24b8] Error 1
make[1]: выход из каталога «/home/lerakry/github_tp_c_cpp_h1/tp_c-cpp_homework1/DZ2/cmake-build-debug-coverage/CMakeFiles/CMakeTmp»
Makefile:141: recipe for target 'cmTC_a24b8/fast' failed
make: *** [cmTC_a24b8/fast] Error 2


Source file was:
#include <pthread.h>

void* test_func(void* data)
{
  return data;
}

int main(void)
{
  pthread_t thread;
  pthread_create(&thread, NULL, test_func, NULL);
  pthread_detach(thread);
  pthread_cancel(thread);
  pthread_join(thread, NULL);
  pthread_atfork(NULL, NULL, NULL);
  pthread_exit(NULL);

  return 0;
}

Determining if the function pthread_create exists in the pthreads failed with the following output:
Change Dir: /home/lerakry/github_tp_c_cpp_h1/tp_c-cpp_homework1/DZ2/cmake-build-debug-coverage/CMakeFiles/CMakeTmp

Run Build Command(s):/usr/bin/make cmTC_c06dc/fast && /usr/bin/make  -f CMakeFiles/cmTC_c06dc.dir/build.make CMakeFiles/cmTC_c06dc.dir/build
make[1]: вход в каталог «/home/lerakry/github_tp_c_cpp_h1/tp_c-cpp_homework1/DZ2/cmake-build-debug-coverage/CMakeFiles/CMakeTmp»
Building C object CMakeFiles/cmTC_c06dc.dir/CheckFunctionExists.c.o
/usr/bin/cc   -g -Wall -Werror -Wextra -O3 -fprofile-arcs -ftest-coverage -DCHECK_FUNCTION_EXISTS=pthread_create   -std=gnu11 -o CMakeFiles/cmTC_c06dc.dir/CheckFunctionExists.c.o   -c /snap/clion/129/bin/cmake/linux/share/cmake-3.17/Modules/CheckFunctionExists.c
Linking C executable cmTC_c06dc
/snap/clion/129/bin/cmake/linux/bin/cmake -E cmake_link_script CMakeFiles/cmTC_c06dc.dir/link.txt --verbose=1
/usr/bin/cc -g -Wall -Werror -Wextra -O3 -fprofile-arcs -ftest-coverage -DCHECK_FUNCTION_EXISTS=pthread_create    CMakeFiles/cmTC_c06dc.dir/CheckFunctionExists.c.o  -o cmTC_c06dc  -lpthreads 
/usr/bin/ld: cannot find -lpthreads
collect2: error: ld returned 1 exit status
CMakeFiles/cmTC_c06dc.dir/build.make:106: recipe for target 'cmTC_c06dc' failed
make[1]: *** [cmTC_c06dc] Error 1
make[1]: выход из каталога «/home/lerakry/github_tp_c_cpp_h1/tp_c-cpp_homework1/DZ2/cmake-build-debug-coverage/CMakeFiles/CMakeTmp»
Makefile:141: recipe for target 'cmTC_c06dc/fast' failed
make: *** [cmTC_c06dc/fast] Error 2



