Performing C SOURCE FILE Test CMAKE_HAVE_LIBC_PTHREAD failed with the following output:
Change Dir: /home/lerakry/github_tp_c_cpp_h1/tp_c-cpp_homework1/cmake-build-debug/CMakeFiles/CMakeTmp

Run Build Command(s):/usr/bin/make cmTC_41a49/fast && /usr/bin/make  -f CMakeFiles/cmTC_41a49.dir/build.make CMakeFiles/cmTC_41a49.dir/build
make[1]: вход в каталог «/home/lerakry/github_tp_c_cpp_h1/tp_c-cpp_homework1/cmake-build-debug/CMakeFiles/CMakeTmp»
Building C object CMakeFiles/cmTC_41a49.dir/src.c.o
/usr/bin/cc   -DCMAKE_HAVE_LIBC_PTHREAD   -std=gnu11 -o CMakeFiles/cmTC_41a49.dir/src.c.o   -c /home/lerakry/github_tp_c_cpp_h1/tp_c-cpp_homework1/cmake-build-debug/CMakeFiles/CMakeTmp/src.c
Linking C executable cmTC_41a49
/snap/clion/129/bin/cmake/linux/bin/cmake -E cmake_link_script CMakeFiles/cmTC_41a49.dir/link.txt --verbose=1
/usr/bin/cc  -DCMAKE_HAVE_LIBC_PTHREAD    CMakeFiles/cmTC_41a49.dir/src.c.o  -o cmTC_41a49 
CMakeFiles/cmTC_41a49.dir/src.c.o: In function `main':
src.c:(.text+0x3e): undefined reference to `pthread_create'
src.c:(.text+0x4a): undefined reference to `pthread_detach'
src.c:(.text+0x56): undefined reference to `pthread_cancel'
src.c:(.text+0x67): undefined reference to `pthread_join'
src.c:(.text+0x7b): undefined reference to `pthread_atfork'
collect2: error: ld returned 1 exit status
CMakeFiles/cmTC_41a49.dir/build.make:106: recipe for target 'cmTC_41a49' failed
make[1]: *** [cmTC_41a49] Error 1
make[1]: выход из каталога «/home/lerakry/github_tp_c_cpp_h1/tp_c-cpp_homework1/cmake-build-debug/CMakeFiles/CMakeTmp»
Makefile:141: recipe for target 'cmTC_41a49/fast' failed
make: *** [cmTC_41a49/fast] Error 2


Source file was:
#include <pthread.h>

void* test_func(void* data)
{
  return data;
}

int main(void)
{
  pthread_t thread;
  pthread_create(&thread, NULL, test_func, NULL);
  pthread_detach(thread);
  pthread_cancel(thread);
  pthread_join(thread, NULL);
  pthread_atfork(NULL, NULL, NULL);
  pthread_exit(NULL);

  return 0;
}

Determining if the function pthread_create exists in the pthreads failed with the following output:
Change Dir: /home/lerakry/github_tp_c_cpp_h1/tp_c-cpp_homework1/cmake-build-debug/CMakeFiles/CMakeTmp

Run Build Command(s):/usr/bin/make cmTC_236ad/fast && /usr/bin/make  -f CMakeFiles/cmTC_236ad.dir/build.make CMakeFiles/cmTC_236ad.dir/build
make[1]: вход в каталог «/home/lerakry/github_tp_c_cpp_h1/tp_c-cpp_homework1/cmake-build-debug/CMakeFiles/CMakeTmp»
Building C object CMakeFiles/cmTC_236ad.dir/CheckFunctionExists.c.o
/usr/bin/cc   -DCHECK_FUNCTION_EXISTS=pthread_create   -std=gnu11 -o CMakeFiles/cmTC_236ad.dir/CheckFunctionExists.c.o   -c /snap/clion/129/bin/cmake/linux/share/cmake-3.17/Modules/CheckFunctionExists.c
Linking C executable cmTC_236ad
/snap/clion/129/bin/cmake/linux/bin/cmake -E cmake_link_script CMakeFiles/cmTC_236ad.dir/link.txt --verbose=1
/usr/bin/cc  -DCHECK_FUNCTION_EXISTS=pthread_create    CMakeFiles/cmTC_236ad.dir/CheckFunctionExists.c.o  -o cmTC_236ad  -lpthreads 
/usr/bin/ld: cannot find -lpthreads
collect2: error: ld returned 1 exit status
CMakeFiles/cmTC_236ad.dir/build.make:106: recipe for target 'cmTC_236ad' failed
make[1]: *** [cmTC_236ad] Error 1
make[1]: выход из каталога «/home/lerakry/github_tp_c_cpp_h1/tp_c-cpp_homework1/cmake-build-debug/CMakeFiles/CMakeTmp»
Makefile:141: recipe for target 'cmTC_236ad/fast' failed
make: *** [cmTC_236ad/fast] Error 2



