The C compiler identification could not be found in "/home/lerakry/github_tp_c_cpp_h1/tp_c-cpp_homework1/cmake-build-debug-coverage/CMakeFiles/3.17.3/CompilerIdC/CMakeCCompilerId.gcno"

The CXX compiler identification could not be found in "/home/lerakry/github_tp_c_cpp_h1/tp_c-cpp_homework1/cmake-build-debug-coverage/CMakeFiles/3.17.3/CompilerIdCXX/CMakeCXXCompilerId.gcno"

Performing C SOURCE FILE Test CMAKE_HAVE_LIBC_PTHREAD failed with the following output:
Change Dir: /home/lerakry/github_tp_c_cpp_h1/tp_c-cpp_homework1/cmake-build-debug-coverage/CMakeFiles/CMakeTmp

Run Build Command(s):/usr/bin/make cmTC_a20d2/fast && /usr/bin/make  -f CMakeFiles/cmTC_a20d2.dir/build.make CMakeFiles/cmTC_a20d2.dir/build
make[1]: вход в каталог «/home/lerakry/github_tp_c_cpp_h1/tp_c-cpp_homework1/cmake-build-debug-coverage/CMakeFiles/CMakeTmp»
Building C object CMakeFiles/cmTC_a20d2.dir/src.c.o
/usr/bin/cc   --coverage -DCMAKE_HAVE_LIBC_PTHREAD   -std=gnu11 -o CMakeFiles/cmTC_a20d2.dir/src.c.o   -c /home/lerakry/github_tp_c_cpp_h1/tp_c-cpp_homework1/cmake-build-debug-coverage/CMakeFiles/CMakeTmp/src.c
Linking C executable cmTC_a20d2
/snap/clion/129/bin/cmake/linux/bin/cmake -E cmake_link_script CMakeFiles/cmTC_a20d2.dir/link.txt --verbose=1
/usr/bin/cc --coverage -DCMAKE_HAVE_LIBC_PTHREAD    CMakeFiles/cmTC_a20d2.dir/src.c.o  -o cmTC_a20d2 
CMakeFiles/cmTC_a20d2.dir/src.c.o: In function `main':
src.c:(.text+0x62): undefined reference to `pthread_create'
src.c:(.text+0x80): undefined reference to `pthread_detach'
src.c:(.text+0x9e): undefined reference to `pthread_cancel'
src.c:(.text+0xc1): undefined reference to `pthread_join'
src.c:(.text+0xe7): undefined reference to `pthread_atfork'
collect2: error: ld returned 1 exit status
CMakeFiles/cmTC_a20d2.dir/build.make:106: recipe for target 'cmTC_a20d2' failed
make[1]: *** [cmTC_a20d2] Error 1
make[1]: выход из каталога «/home/lerakry/github_tp_c_cpp_h1/tp_c-cpp_homework1/cmake-build-debug-coverage/CMakeFiles/CMakeTmp»
Makefile:141: recipe for target 'cmTC_a20d2/fast' failed
make: *** [cmTC_a20d2/fast] Error 2


Source file was:
#include <pthread.h>

void* test_func(void* data)
{
  return data;
}

int main(void)
{
  pthread_t thread;
  pthread_create(&thread, NULL, test_func, NULL);
  pthread_detach(thread);
  pthread_cancel(thread);
  pthread_join(thread, NULL);
  pthread_atfork(NULL, NULL, NULL);
  pthread_exit(NULL);

  return 0;
}

Determining if the function pthread_create exists in the pthreads failed with the following output:
Change Dir: /home/lerakry/github_tp_c_cpp_h1/tp_c-cpp_homework1/cmake-build-debug-coverage/CMakeFiles/CMakeTmp

Run Build Command(s):/usr/bin/make cmTC_46cae/fast && /usr/bin/make  -f CMakeFiles/cmTC_46cae.dir/build.make CMakeFiles/cmTC_46cae.dir/build
make[1]: вход в каталог «/home/lerakry/github_tp_c_cpp_h1/tp_c-cpp_homework1/cmake-build-debug-coverage/CMakeFiles/CMakeTmp»
Building C object CMakeFiles/cmTC_46cae.dir/CheckFunctionExists.c.o
/usr/bin/cc   --coverage -DCHECK_FUNCTION_EXISTS=pthread_create   -std=gnu11 -o CMakeFiles/cmTC_46cae.dir/CheckFunctionExists.c.o   -c /snap/clion/129/bin/cmake/linux/share/cmake-3.17/Modules/CheckFunctionExists.c
Linking C executable cmTC_46cae
/snap/clion/129/bin/cmake/linux/bin/cmake -E cmake_link_script CMakeFiles/cmTC_46cae.dir/link.txt --verbose=1
/usr/bin/cc --coverage -DCHECK_FUNCTION_EXISTS=pthread_create    CMakeFiles/cmTC_46cae.dir/CheckFunctionExists.c.o  -o cmTC_46cae  -lpthreads 
/usr/bin/ld: cannot find -lpthreads
collect2: error: ld returned 1 exit status
CMakeFiles/cmTC_46cae.dir/build.make:106: recipe for target 'cmTC_46cae' failed
make[1]: *** [cmTC_46cae] Error 1
make[1]: выход из каталога «/home/lerakry/github_tp_c_cpp_h1/tp_c-cpp_homework1/cmake-build-debug-coverage/CMakeFiles/CMakeTmp»
Makefile:141: recipe for target 'cmTC_46cae/fast' failed
make: *** [cmTC_46cae/fast] Error 2



